0 info it worked if it ends with ok
1 verbose cli [ '/home/ubuntu/.nvm/versions/node/v4.4.3/bin/node',
1 verbose cli   '/home/ubuntu/.nvm/versions/node/v4.4.3/bin/npm',
1 verbose cli   'run',
1 verbose cli   'dev-c9' ]
2 info using npm@2.15.1
3 info using node@v4.4.3
4 verbose run-script [ 'predev-c9', 'dev-c9', 'postdev-c9' ]
5 info predev-c9 initiateAdmin@0.0.4
6 info dev-c9 initiateAdmin@0.0.4
7 verbose unsafe-perm in lifecycle true
8 info initiateAdmin@0.0.4 Failed to exec dev-c9 script
9 verbose stack Error: initiateAdmin@0.0.4 dev-c9: `webpack-dev-server/client?https://0.0.0.0:8080 --devtool eval --progress --colors --hot --content-base dist --host $IP --port $PORT --https`
9 verbose stack spawn ENOENT
9 verbose stack     at ChildProcess.<anonymous> (/home/ubuntu/.nvm/versions/node/v4.4.3/lib/node_modules/npm/lib/utils/spawn.js:17:16)
9 verbose stack     at emitTwo (events.js:87:13)
9 verbose stack     at ChildProcess.emit (events.js:172:7)
9 verbose stack     at maybeClose (internal/child_process.js:827:16)
9 verbose stack     at Process.ChildProcess._handle.onexit (internal/child_process.js:211:5)
10 verbose pkgid initiateAdmin@0.0.4
11 verbose cwd /home/ubuntu/workspace/conferenceadmin
12 error Linux 4.2.0-c9
13 error argv "/home/ubuntu/.nvm/versions/node/v4.4.3/bin/node" "/home/ubuntu/.nvm/versions/node/v4.4.3/bin/npm" "run" "dev-c9"
14 error node v4.4.3
15 error npm  v2.15.1
16 error file sh
17 error code ELIFECYCLE
18 error errno ENOENT
19 error syscall spawn
20 error initiateAdmin@0.0.4 dev-c9: `webpack-dev-server/client?https://0.0.0.0:8080 --devtool eval --progress --colors --hot --content-base dist --host $IP --port $PORT --https`
20 error spawn ENOENT
21 error Failed at the initiateAdmin@0.0.4 dev-c9 script 'webpack-dev-server/client?https://0.0.0.0:8080 --devtool eval --progress --colors --hot --content-base dist --host $IP --port $PORT --https'.
21 error This is most likely a problem with the initiateAdmin package,
21 error not with npm itself.
21 error Tell the author that this fails on your system:
21 error     webpack-dev-server/client?https://0.0.0.0:8080 --devtool eval --progress --colors --hot --content-base dist --host $IP --port $PORT --https
21 error You can get information on how to open an issue for this project with:
21 error     npm bugs initiateAdmin
21 error Or if that isn't available, you can get their info via:
21 error
21 error     npm owner ls initiateAdmin
21 error There is likely additional logging output above.
22 verbose exit [ 1, true ]
